<?xml version="1.0" encoding="UTF-8"?>
<!-- Generated by org.testng.reporters.JUnitReportReporter -->
<testsuite name="testController.TestController" tests="1" time="63.048" ignored="0" failures="0" timestamp="23 Oct 2020 05:15:32 GMT" skipped="0" hostname="yaswanth" errors="0">
  <testcase name="TestCaseController" time="63.048" classname="testController.TestController"/>
</testsuite> <!-- testController.TestController -->
