<?xml version="1.0" encoding="UTF-8"?>
<!-- Generated by org.testng.reporters.JUnitReportReporter -->
<testsuite name="testController.TestController" tests="1" time="61.096" ignored="0" failures="0" timestamp="14 Oct 2020 12:08:05 GMT" skipped="0" hostname="yaswanth" errors="0">
  <testcase name="TestCaseController" time="61.096" classname="testController.TestController"/>
</testsuite> <!-- testController.TestController -->
